{"C:\\xampp\\htdocs\\2. Portfolio Pieces\\reactToDo\\client\\src\\api\\CreateToDoItem.tsx": {"path":"C:\\xampp\\htdocs\\2. Portfolio Pieces\\reactToDo\\client\\src\\api\\CreateToDoItem.tsx","statementMap":{"0":{"start":{"line":4,"column":21},"end":{"line":16,"column":10}},"1":{"start":{"line":13,"column":12},"end":{"line":13,"column":32}},"2":{"start":{"line":15,"column":12},"end":{"line":15,"column":24}},"3":{"start":{"line":18,"column":4},"end":{"line":18,"column":19}}},"fnMap":{"0":{"name":"CreateToDoItem","decl":{"start":{"line":3,"column":15},"end":{"line":3,"column":29}},"loc":{"start":{"line":3,"column":63},"end":{"line":19,"column":1}},"line":3},"1":{"name":"(anonymous_1)","decl":{"start":{"line":12,"column":14},"end":{"line":12,"column":15}},"loc":{"start":{"line":12,"column":28},"end":{"line":14,"column":9}},"line":12},"2":{"name":"(anonymous_2)","decl":{"start":{"line":14,"column":17},"end":{"line":14,"column":18}},"loc":{"start":{"line":14,"column":28},"end":{"line":16,"column":9}},"line":14}},"branchMap":{},"s":{"0":0,"1":0,"2":0,"3":0},"f":{"0":0,"1":0,"2":0},"b":{}}
,"C:\\xampp\\htdocs\\2. Portfolio Pieces\\reactToDo\\client\\src\\api\\DeleteToDoItem.tsx": {"path":"C:\\xampp\\htdocs\\2. Portfolio Pieces\\reactToDo\\client\\src\\api\\DeleteToDoItem.tsx","statementMap":{"0":{"start":{"line":4,"column":21},"end":{"line":16,"column":10}},"1":{"start":{"line":13,"column":12},"end":{"line":13,"column":32}},"2":{"start":{"line":15,"column":12},"end":{"line":15,"column":24}},"3":{"start":{"line":18,"column":4},"end":{"line":18,"column":19}}},"fnMap":{"0":{"name":"DeleteToDoItem","decl":{"start":{"line":3,"column":15},"end":{"line":3,"column":29}},"loc":{"start":{"line":3,"column":61},"end":{"line":19,"column":1}},"line":3},"1":{"name":"(anonymous_1)","decl":{"start":{"line":12,"column":14},"end":{"line":12,"column":15}},"loc":{"start":{"line":12,"column":28},"end":{"line":14,"column":9}},"line":12},"2":{"name":"(anonymous_2)","decl":{"start":{"line":14,"column":17},"end":{"line":14,"column":18}},"loc":{"start":{"line":14,"column":28},"end":{"line":16,"column":9}},"line":14}},"branchMap":{},"s":{"0":0,"1":0,"2":0,"3":0},"f":{"0":0,"1":0,"2":0},"b":{}}
,"C:\\xampp\\htdocs\\2. Portfolio Pieces\\reactToDo\\client\\src\\api\\GetToDoItems.tsx": {"path":"C:\\xampp\\htdocs\\2. Portfolio Pieces\\reactToDo\\client\\src\\api\\GetToDoItems.tsx","statementMap":{"0":{"start":{"line":2,"column":4},"end":{"line":15,"column":6}},"1":{"start":{"line":3,"column":25},"end":{"line":3,"column":45}},"2":{"start":{"line":4,"column":8},"end":{"line":4,"column":52}},"3":{"start":{"line":5,"column":8},"end":{"line":5,"column":23}},"4":{"start":{"line":7,"column":8},"end":{"line":14,"column":9}},"5":{"start":{"line":8,"column":12},"end":{"line":13,"column":13}},"6":{"start":{"line":9,"column":16},"end":{"line":9,"column":46}},"7":{"start":{"line":11,"column":16},"end":{"line":11,"column":32}},"8":{"start":{"line":12,"column":16},"end":{"line":12,"column":36}}},"fnMap":{"0":{"name":"GetToDoItems","decl":{"start":{"line":1,"column":9},"end":{"line":1,"column":21}},"loc":{"start":{"line":1,"column":30},"end":{"line":16,"column":1}},"line":1},"1":{"name":"(anonymous_1)","decl":{"start":{"line":2,"column":23},"end":{"line":2,"column":24}},"loc":{"start":{"line":2,"column":44},"end":{"line":15,"column":5}},"line":2},"2":{"name":"(anonymous_2)","decl":{"start":{"line":7,"column":26},"end":{"line":7,"column":27}},"loc":{"start":{"line":7,"column":39},"end":{"line":14,"column":9}},"line":7}},"branchMap":{"0":{"loc":{"start":{"line":8,"column":12},"end":{"line":13,"column":13}},"type":"if","locations":[{"start":{"line":8,"column":12},"end":{"line":13,"column":13}},{"start":{"line":10,"column":19},"end":{"line":13,"column":13}}],"line":8}},"s":{"0":0,"1":0,"2":0,"3":0,"4":0,"5":0,"6":0,"7":0,"8":0},"f":{"0":0,"1":0,"2":0},"b":{"0":[0,0]}}
,"C:\\xampp\\htdocs\\2. Portfolio Pieces\\reactToDo\\client\\src\\api\\IsItemComplete.tsx": {"path":"C:\\xampp\\htdocs\\2. Portfolio Pieces\\reactToDo\\client\\src\\api\\IsItemComplete.tsx","statementMap":{"0":{"start":{"line":4,"column":21},"end":{"line":17,"column":10}},"1":{"start":{"line":14,"column":12},"end":{"line":14,"column":32}},"2":{"start":{"line":16,"column":12},"end":{"line":16,"column":24}},"3":{"start":{"line":20,"column":4},"end":{"line":20,"column":19}}},"fnMap":{"0":{"name":"IsItemComplete","decl":{"start":{"line":3,"column":15},"end":{"line":3,"column":29}},"loc":{"start":{"line":3,"column":80},"end":{"line":21,"column":1}},"line":3},"1":{"name":"(anonymous_1)","decl":{"start":{"line":13,"column":14},"end":{"line":13,"column":15}},"loc":{"start":{"line":13,"column":28},"end":{"line":15,"column":9}},"line":13},"2":{"name":"(anonymous_2)","decl":{"start":{"line":15,"column":17},"end":{"line":15,"column":18}},"loc":{"start":{"line":15,"column":28},"end":{"line":17,"column":9}},"line":15}},"branchMap":{},"s":{"0":0,"1":0,"2":0,"3":0},"f":{"0":0,"1":0,"2":0},"b":{}}
,"C:\\xampp\\htdocs\\2. Portfolio Pieces\\reactToDo\\client\\src\\api\\UpdateToDoItem.tsx": {"path":"C:\\xampp\\htdocs\\2. Portfolio Pieces\\reactToDo\\client\\src\\api\\UpdateToDoItem.tsx","statementMap":{"0":{"start":{"line":4,"column":21},"end":{"line":17,"column":10}},"1":{"start":{"line":14,"column":12},"end":{"line":14,"column":32}},"2":{"start":{"line":16,"column":12},"end":{"line":16,"column":24}},"3":{"start":{"line":19,"column":4},"end":{"line":19,"column":19}}},"fnMap":{"0":{"name":"UpdateToDoItem","decl":{"start":{"line":3,"column":15},"end":{"line":3,"column":29}},"loc":{"start":{"line":3,"column":75},"end":{"line":20,"column":1}},"line":3},"1":{"name":"(anonymous_1)","decl":{"start":{"line":13,"column":14},"end":{"line":13,"column":15}},"loc":{"start":{"line":13,"column":28},"end":{"line":15,"column":9}},"line":13},"2":{"name":"(anonymous_2)","decl":{"start":{"line":15,"column":17},"end":{"line":15,"column":18}},"loc":{"start":{"line":15,"column":28},"end":{"line":17,"column":9}},"line":15}},"branchMap":{},"s":{"0":0,"1":0,"2":0,"3":0},"f":{"0":0,"1":0,"2":0},"b":{}}
,"C:\\xampp\\htdocs\\2. Portfolio Pieces\\reactToDo\\client\\src\\components\\NewToDoItem\\NewToDoItem.tsx": {"path":"C:\\xampp\\htdocs\\2. Portfolio Pieces\\reactToDo\\client\\src\\components\\NewToDoItem\\NewToDoItem.tsx","statementMap":{"0":{"start":{"line":12,"column":34},"end":{"line":12,"column":46}},"1":{"start":{"line":13,"column":38},"end":{"line":13,"column":50}},"2":{"start":{"line":17,"column":29},"end":{"line":17,"column":94}},"3":{"start":{"line":19,"column":8},"end":{"line":26,"column":9}},"4":{"start":{"line":20,"column":12},"end":{"line":20,"column":45}},"5":{"start":{"line":22,"column":29},"end":{"line":22,"column":65}},"6":{"start":{"line":23,"column":12},"end":{"line":23,"column":42}},"7":{"start":{"line":24,"column":12},"end":{"line":24,"column":26}},"8":{"start":{"line":25,"column":12},"end":{"line":25,"column":28}},"9":{"start":{"line":30,"column":8},"end":{"line":30,"column":38}},"10":{"start":{"line":33,"column":4},"end":{"line":56,"column":5}},"11":{"start":{"line":45,"column":69},"end":{"line":45,"column":83}}},"fnMap":{"0":{"name":"NewToDoItem","decl":{"start":{"line":11,"column":9},"end":{"line":11,"column":20}},"loc":{"start":{"line":11,"column":65},"end":{"line":57,"column":1}},"line":11},"1":{"name":"addItem","decl":{"start":{"line":16,"column":19},"end":{"line":16,"column":26}},"loc":{"start":{"line":16,"column":45},"end":{"line":27,"column":5}},"line":16},"2":{"name":"handleChange","decl":{"start":{"line":29,"column":13},"end":{"line":29,"column":25}},"loc":{"start":{"line":29,"column":45},"end":{"line":31,"column":5}},"line":29},"3":{"name":"(anonymous_3)","decl":{"start":{"line":45,"column":61},"end":{"line":45,"column":62}},"loc":{"start":{"line":45,"column":67},"end":{"line":45,"column":85}},"line":45}},"branchMap":{"0":{"loc":{"start":{"line":19,"column":8},"end":{"line":26,"column":9}},"type":"if","locations":[{"start":{"line":19,"column":8},"end":{"line":26,"column":9}},{"start":{"line":21,"column":15},"end":{"line":26,"column":9}}],"line":19},"1":{"loc":{"start":{"line":51,"column":23},"end":{"line":51,"column":84}},"type":"cond-expr","locations":[{"start":{"line":51,"column":42},"end":{"line":51,"column":62}},{"start":{"line":51,"column":65},"end":{"line":51,"column":84}}],"line":51}},"s":{"0":3,"1":3,"2":0,"3":0,"4":0,"5":0,"6":0,"7":0,"8":0,"9":1,"10":3,"11":0},"f":{"0":3,"1":0,"2":1,"3":0},"b":{"0":[0,0],"1":[0,3]},"_coverageSchema":"1a1c01bbd47fc00a2c39e90264f33305004495a9","hash":"d8b05d2bb65a48afe341d607c5d9f4f38040f754"}
,"C:\\xampp\\htdocs\\2. Portfolio Pieces\\reactToDo\\client\\src\\components\\ToDoItem\\ToDoItem.tsx": {"path":"C:\\xampp\\htdocs\\2. Portfolio Pieces\\reactToDo\\client\\src\\components\\ToDoItem\\ToDoItem.tsx","statementMap":{"0":{"start":{"line":23,"column":40},"end":{"line":23,"column":64}},"1":{"start":{"line":24,"column":32},"end":{"line":24,"column":46}},"2":{"start":{"line":25,"column":34},"end":{"line":25,"column":54}},"3":{"start":{"line":26,"column":42},"end":{"line":26,"column":57}},"4":{"start":{"line":31,"column":8},"end":{"line":37,"column":9}},"5":{"start":{"line":32,"column":12},"end":{"line":32,"column":72}},"6":{"start":{"line":34,"column":12},"end":{"line":34,"column":46}},"7":{"start":{"line":34,"column":37},"end":{"line":34,"column":45}},"8":{"start":{"line":42,"column":8},"end":{"line":45,"column":14}},"9":{"start":{"line":44,"column":16},"end":{"line":44,"column":32}},"10":{"start":{"line":49,"column":8},"end":{"line":49,"column":28}},"11":{"start":{"line":53,"column":8},"end":{"line":57,"column":14}},"12":{"start":{"line":55,"column":16},"end":{"line":55,"column":37}},"13":{"start":{"line":56,"column":16},"end":{"line":56,"column":41}},"14":{"start":{"line":61,"column":8},"end":{"line":61,"column":38}},"15":{"start":{"line":65,"column":17},"end":{"line":65,"column":22}},"16":{"start":{"line":66,"column":15},"end":{"line":66,"column":23}},"17":{"start":{"line":67,"column":23},"end":{"line":67,"column":33}},"18":{"start":{"line":70,"column":4},"end":{"line":139,"column":5}},"19":{"start":{"line":71,"column":8},"end":{"line":113,"column":9}},"20":{"start":{"line":74,"column":69},"end":{"line":74,"column":91}},"21":{"start":{"line":106,"column":67},"end":{"line":106,"column":84}},"22":{"start":{"line":114,"column":11},"end":{"line":139,"column":5}},"23":{"start":{"line":115,"column":8},"end":{"line":138,"column":9}},"24":{"start":{"line":118,"column":69},"end":{"line":118,"column":91}},"25":{"start":{"line":132,"column":65},"end":{"line":132,"column":82}},"26":{"start":{"line":142,"column":4},"end":{"line":142,"column":16}}},"fnMap":{"0":{"name":"ToDoItem","decl":{"start":{"line":22,"column":9},"end":{"line":22,"column":17}},"loc":{"start":{"line":22,"column":66},"end":{"line":143,"column":1}},"line":22},"1":{"name":"lineThroughItem","decl":{"start":{"line":30,"column":19},"end":{"line":30,"column":34}},"loc":{"start":{"line":30,"column":53},"end":{"line":38,"column":5}},"line":30},"2":{"name":"(anonymous_2)","decl":{"start":{"line":34,"column":26},"end":{"line":34,"column":27}},"loc":{"start":{"line":34,"column":37},"end":{"line":34,"column":45}},"line":34},"3":{"name":"deleteToDo","decl":{"start":{"line":41,"column":19},"end":{"line":41,"column":29}},"loc":{"start":{"line":41,"column":48},"end":{"line":46,"column":5}},"line":41},"4":{"name":"(anonymous_4)","decl":{"start":{"line":43,"column":18},"end":{"line":43,"column":19}},"loc":{"start":{"line":43,"column":24},"end":{"line":45,"column":13}},"line":43},"5":{"name":"makeEditable","decl":{"start":{"line":48,"column":13},"end":{"line":48,"column":25}},"loc":{"start":{"line":48,"column":35},"end":{"line":50,"column":5}},"line":48},"6":{"name":"updateToDo","decl":{"start":{"line":52,"column":19},"end":{"line":52,"column":29}},"loc":{"start":{"line":52,"column":48},"end":{"line":58,"column":5}},"line":52},"7":{"name":"(anonymous_7)","decl":{"start":{"line":54,"column":18},"end":{"line":54,"column":19}},"loc":{"start":{"line":54,"column":50},"end":{"line":57,"column":13}},"line":54},"8":{"name":"handleChange","decl":{"start":{"line":60,"column":13},"end":{"line":60,"column":25}},"loc":{"start":{"line":60,"column":45},"end":{"line":62,"column":5}},"line":60},"9":{"name":"(anonymous_9)","decl":{"start":{"line":74,"column":61},"end":{"line":74,"column":62}},"loc":{"start":{"line":74,"column":67},"end":{"line":74,"column":93}},"line":74},"10":{"name":"(anonymous_10)","decl":{"start":{"line":106,"column":59},"end":{"line":106,"column":60}},"loc":{"start":{"line":106,"column":65},"end":{"line":106,"column":86}},"line":106},"11":{"name":"(anonymous_11)","decl":{"start":{"line":118,"column":61},"end":{"line":118,"column":62}},"loc":{"start":{"line":118,"column":67},"end":{"line":118,"column":93}},"line":118},"12":{"name":"(anonymous_12)","decl":{"start":{"line":132,"column":57},"end":{"line":132,"column":58}},"loc":{"start":{"line":132,"column":63},"end":{"line":132,"column":84}},"line":132}},"branchMap":{"0":{"loc":{"start":{"line":70,"column":4},"end":{"line":139,"column":5}},"type":"if","locations":[{"start":{"line":70,"column":4},"end":{"line":139,"column":5}},{"start":{"line":114,"column":11},"end":{"line":139,"column":5}}],"line":70},"1":{"loc":{"start":{"line":70,"column":8},"end":{"line":70,"column":30}},"type":"binary-expr","locations":[{"start":{"line":70,"column":8},"end":{"line":70,"column":14}},{"start":{"line":70,"column":18},"end":{"line":70,"column":30}}],"line":70},"2":{"loc":{"start":{"line":73,"column":32},"end":{"line":73,"column":101}},"type":"cond-expr","locations":[{"start":{"line":73,"column":45},"end":{"line":73,"column":79}},{"start":{"line":73,"column":82},"end":{"line":73,"column":101}}],"line":73},"3":{"loc":{"start":{"line":114,"column":11},"end":{"line":139,"column":5}},"type":"if","locations":[{"start":{"line":114,"column":11},"end":{"line":139,"column":5}},{"start":{},"end":{}}],"line":114},"4":{"loc":{"start":{"line":114,"column":15},"end":{"line":114,"column":36}},"type":"binary-expr","locations":[{"start":{"line":114,"column":15},"end":{"line":114,"column":21}},{"start":{"line":114,"column":25},"end":{"line":114,"column":36}}],"line":114},"5":{"loc":{"start":{"line":117,"column":32},"end":{"line":117,"column":101}},"type":"cond-expr","locations":[{"start":{"line":117,"column":45},"end":{"line":117,"column":79}},{"start":{"line":117,"column":82},"end":{"line":117,"column":101}}],"line":117}},"s":{"0":0,"1":0,"2":0,"3":0,"4":0,"5":0,"6":0,"7":0,"8":0,"9":0,"10":0,"11":0,"12":0,"13":0,"14":0,"15":0,"16":0,"17":0,"18":0,"19":0,"20":0,"21":0,"22":0,"23":0,"24":0,"25":0,"26":0},"f":{"0":0,"1":0,"2":0,"3":0,"4":0,"5":0,"6":0,"7":0,"8":0,"9":0,"10":0,"11":0,"12":0},"b":{"0":[0,0],"1":[0,0],"2":[0,0],"3":[0,0],"4":[0,0],"5":[0,0]}}
,"C:\\xampp\\htdocs\\2. Portfolio Pieces\\reactToDo\\client\\src\\components\\ToDoItemMobile\\ToDoItemMobile.tsx": {"path":"C:\\xampp\\htdocs\\2. Portfolio Pieces\\reactToDo\\client\\src\\components\\ToDoItemMobile\\ToDoItemMobile.tsx","statementMap":{"0":{"start":{"line":25,"column":40},"end":{"line":25,"column":64}},"1":{"start":{"line":26,"column":32},"end":{"line":26,"column":46}},"2":{"start":{"line":27,"column":34},"end":{"line":27,"column":54}},"3":{"start":{"line":28,"column":42},"end":{"line":28,"column":57}},"4":{"start":{"line":29,"column":40},"end":{"line":29,"column":55}},"5":{"start":{"line":34,"column":8},"end":{"line":37,"column":14}},"6":{"start":{"line":36,"column":16},"end":{"line":36,"column":50}},"7":{"start":{"line":36,"column":41},"end":{"line":36,"column":49}},"8":{"start":{"line":41,"column":8},"end":{"line":44,"column":14}},"9":{"start":{"line":43,"column":16},"end":{"line":43,"column":32}},"10":{"start":{"line":48,"column":8},"end":{"line":48,"column":28}},"11":{"start":{"line":52,"column":8},"end":{"line":55,"column":14}},"12":{"start":{"line":54,"column":16},"end":{"line":54,"column":37}},"13":{"start":{"line":59,"column":8},"end":{"line":59,"column":38}},"14":{"start":{"line":63,"column":8},"end":{"line":63,"column":42}},"15":{"start":{"line":63,"column":33},"end":{"line":63,"column":41}},"16":{"start":{"line":67,"column":17},"end":{"line":67,"column":22}},"17":{"start":{"line":68,"column":15},"end":{"line":68,"column":23}},"18":{"start":{"line":70,"column":23},"end":{"line":70,"column":33}},"19":{"start":{"line":72,"column":4},"end":{"line":145,"column":5}},"20":{"start":{"line":73,"column":8},"end":{"line":126,"column":9}},"21":{"start":{"line":87,"column":83},"end":{"line":87,"column":106}},"22":{"start":{"line":116,"column":81},"end":{"line":116,"column":99}},"23":{"start":{"line":127,"column":11},"end":{"line":145,"column":5}},"24":{"start":{"line":128,"column":8},"end":{"line":142,"column":9}},"25":{"start":{"line":144,"column":8},"end":{"line":144,"column":19}}},"fnMap":{"0":{"name":"ToDoItemMobile","decl":{"start":{"line":24,"column":9},"end":{"line":24,"column":23}},"loc":{"start":{"line":24,"column":72},"end":{"line":146,"column":1}},"line":24},"1":{"name":"lineThroughItem","decl":{"start":{"line":33,"column":19},"end":{"line":33,"column":34}},"loc":{"start":{"line":33,"column":53},"end":{"line":38,"column":5}},"line":33},"2":{"name":"(anonymous_2)","decl":{"start":{"line":35,"column":18},"end":{"line":35,"column":19}},"loc":{"start":{"line":35,"column":24},"end":{"line":37,"column":13}},"line":35},"3":{"name":"(anonymous_3)","decl":{"start":{"line":36,"column":30},"end":{"line":36,"column":31}},"loc":{"start":{"line":36,"column":41},"end":{"line":36,"column":49}},"line":36},"4":{"name":"deleteToDo","decl":{"start":{"line":40,"column":19},"end":{"line":40,"column":29}},"loc":{"start":{"line":40,"column":48},"end":{"line":45,"column":5}},"line":40},"5":{"name":"(anonymous_5)","decl":{"start":{"line":42,"column":18},"end":{"line":42,"column":19}},"loc":{"start":{"line":42,"column":24},"end":{"line":44,"column":13}},"line":42},"6":{"name":"makeEditable","decl":{"start":{"line":47,"column":13},"end":{"line":47,"column":25}},"loc":{"start":{"line":47,"column":35},"end":{"line":49,"column":5}},"line":47},"7":{"name":"updateToDo","decl":{"start":{"line":51,"column":19},"end":{"line":51,"column":29}},"loc":{"start":{"line":51,"column":48},"end":{"line":56,"column":5}},"line":51},"8":{"name":"(anonymous_8)","decl":{"start":{"line":53,"column":18},"end":{"line":53,"column":19}},"loc":{"start":{"line":53,"column":24},"end":{"line":55,"column":13}},"line":53},"9":{"name":"handleChange","decl":{"start":{"line":58,"column":13},"end":{"line":58,"column":25}},"loc":{"start":{"line":58,"column":45},"end":{"line":60,"column":5}},"line":58},"10":{"name":"showEditables","decl":{"start":{"line":62,"column":13},"end":{"line":62,"column":26}},"loc":{"start":{"line":62,"column":36},"end":{"line":64,"column":5}},"line":62},"11":{"name":"(anonymous_11)","decl":{"start":{"line":63,"column":22},"end":{"line":63,"column":23}},"loc":{"start":{"line":63,"column":33},"end":{"line":63,"column":41}},"line":63},"12":{"name":"(anonymous_12)","decl":{"start":{"line":87,"column":69},"end":{"line":87,"column":70}},"loc":{"start":{"line":87,"column":81},"end":{"line":87,"column":108}},"line":87},"13":{"name":"(anonymous_13)","decl":{"start":{"line":116,"column":67},"end":{"line":116,"column":68}},"loc":{"start":{"line":116,"column":79},"end":{"line":116,"column":101}},"line":116}},"branchMap":{"0":{"loc":{"start":{"line":72,"column":4},"end":{"line":145,"column":5}},"type":"if","locations":[{"start":{"line":72,"column":4},"end":{"line":145,"column":5}},{"start":{"line":127,"column":11},"end":{"line":145,"column":5}}],"line":72},"1":{"loc":{"start":{"line":72,"column":8},"end":{"line":72,"column":30}},"type":"binary-expr","locations":[{"start":{"line":72,"column":8},"end":{"line":72,"column":14}},{"start":{"line":72,"column":18},"end":{"line":72,"column":30}}],"line":72},"2":{"loc":{"start":{"line":75,"column":32},"end":{"line":75,"column":101}},"type":"cond-expr","locations":[{"start":{"line":75,"column":45},"end":{"line":75,"column":79}},{"start":{"line":75,"column":82},"end":{"line":75,"column":101}}],"line":75},"3":{"loc":{"start":{"line":81,"column":36},"end":{"line":81,"column":109}},"type":"cond-expr","locations":[{"start":{"line":81,"column":49},"end":{"line":81,"column":85}},{"start":{"line":81,"column":88},"end":{"line":81,"column":109}}],"line":81},"4":{"loc":{"start":{"line":83,"column":32},"end":{"line":83,"column":61}},"type":"cond-expr","locations":[{"start":{"line":83,"column":45},"end":{"line":83,"column":52}},{"start":{"line":83,"column":55},"end":{"line":83,"column":61}}],"line":83},"5":{"loc":{"start":{"line":127,"column":11},"end":{"line":145,"column":5}},"type":"if","locations":[{"start":{"line":127,"column":11},"end":{"line":145,"column":5}},{"start":{"line":143,"column":11},"end":{"line":145,"column":5}}],"line":127},"6":{"loc":{"start":{"line":127,"column":15},"end":{"line":127,"column":36}},"type":"binary-expr","locations":[{"start":{"line":127,"column":15},"end":{"line":127,"column":21}},{"start":{"line":127,"column":25},"end":{"line":127,"column":36}}],"line":127},"7":{"loc":{"start":{"line":130,"column":32},"end":{"line":130,"column":101}},"type":"cond-expr","locations":[{"start":{"line":130,"column":45},"end":{"line":130,"column":79}},{"start":{"line":130,"column":82},"end":{"line":130,"column":101}}],"line":130}},"s":{"0":0,"1":0,"2":0,"3":0,"4":0,"5":0,"6":0,"7":0,"8":0,"9":0,"10":0,"11":0,"12":0,"13":0,"14":0,"15":0,"16":0,"17":0,"18":0,"19":0,"20":0,"21":0,"22":0,"23":0,"24":0,"25":0},"f":{"0":0,"1":0,"2":0,"3":0,"4":0,"5":0,"6":0,"7":0,"8":0,"9":0,"10":0,"11":0,"12":0,"13":0},"b":{"0":[0,0],"1":[0,0],"2":[0,0],"3":[0,0],"4":[0,0],"5":[0,0],"6":[0,0],"7":[0,0]}}
,"C:\\xampp\\htdocs\\2. Portfolio Pieces\\reactToDo\\client\\src\\layout\\ToDoLayout\\ToDoLayout.tsx": {"path":"C:\\xampp\\htdocs\\2. Portfolio Pieces\\reactToDo\\client\\src\\layout\\ToDoLayout\\ToDoLayout.tsx","statementMap":{"0":{"start":{"line":19,"column":30},"end":{"line":19,"column":58}},"1":{"start":{"line":20,"column":40},"end":{"line":20,"column":54}},"2":{"start":{"line":23,"column":4},"end":{"line":47,"column":10}},"3":{"start":{"line":24,"column":26},"end":{"line":36,"column":9}},"4":{"start":{"line":25,"column":23},"end":{"line":25,"column":25}},"5":{"start":{"line":27,"column":12},"end":{"line":33,"column":13}},"6":{"start":{"line":28,"column":16},"end":{"line":28,"column":43}},"7":{"start":{"line":30,"column":16},"end":{"line":30,"column":27}},"8":{"start":{"line":35,"column":12},"end":{"line":35,"column":23}},"9":{"start":{"line":38,"column":8},"end":{"line":46,"column":14}},"10":{"start":{"line":40,"column":16},"end":{"line":42,"column":17}},"11":{"start":{"line":41,"column":20},"end":{"line":41,"column":48}},"12":{"start":{"line":45,"column":16},"end":{"line":45,"column":34}},"13":{"start":{"line":51,"column":4},"end":{"line":53,"column":6}},"14":{"start":{"line":52,"column":8},"end":{"line":52,"column":25}},"15":{"start":{"line":56,"column":8},"end":{"line":72,"column":9}},"16":{"start":{"line":57,"column":20},"end":{"line":57,"column":35}},"17":{"start":{"line":59,"column":20},"end":{"line":59,"column":35}},"18":{"start":{"line":61,"column":20},"end":{"line":61,"column":36}},"19":{"start":{"line":63,"column":20},"end":{"line":63,"column":38}},"20":{"start":{"line":65,"column":20},"end":{"line":65,"column":37}},"21":{"start":{"line":67,"column":20},"end":{"line":67,"column":35}},"22":{"start":{"line":69,"column":20},"end":{"line":69,"column":37}},"23":{"start":{"line":71,"column":21},"end":{"line":71,"column":37}},"24":{"start":{"line":76,"column":22},"end":{"line":76,"column":34}},"25":{"start":{"line":78,"column":8},"end":{"line":82,"column":9}},"26":{"start":{"line":79,"column":12},"end":{"line":79,"column":32}},"27":{"start":{"line":81,"column":12},"end":{"line":81,"column":31}},"28":{"start":{"line":85,"column":4},"end":{"line":85,"column":54}},"29":{"start":{"line":88,"column":8},"end":{"line":90,"column":10}},"30":{"start":{"line":93,"column":4},"end":{"line":119,"column":5}},"31":{"start":{"line":94,"column":8},"end":{"line":118,"column":9}},"32":{"start":{"line":104,"column":28},"end":{"line":108,"column":29}},"33":{"start":{"line":121,"column":4},"end":{"line":145,"column":5}},"34":{"start":{"line":131,"column":24},"end":{"line":135,"column":25}}},"fnMap":{"0":{"name":"ToDoLayout","decl":{"start":{"line":18,"column":9},"end":{"line":18,"column":19}},"loc":{"start":{"line":18,"column":43},"end":{"line":146,"column":1}},"line":18},"1":{"name":"(anonymous_1)","decl":{"start":{"line":23,"column":14},"end":{"line":23,"column":15}},"loc":{"start":{"line":23,"column":20},"end":{"line":47,"column":5}},"line":23},"2":{"name":"(anonymous_2)","decl":{"start":{"line":24,"column":26},"end":{"line":24,"column":27}},"loc":{"start":{"line":24,"column":55},"end":{"line":36,"column":9}},"line":24},"3":{"name":"(anonymous_3)","decl":{"start":{"line":39,"column":18},"end":{"line":39,"column":19}},"loc":{"start":{"line":39,"column":30},"end":{"line":43,"column":13}},"line":39},"4":{"name":"(anonymous_4)","decl":{"start":{"line":44,"column":19},"end":{"line":44,"column":20}},"loc":{"start":{"line":44,"column":28},"end":{"line":46,"column":13}},"line":44},"5":{"name":"(anonymous_5)","decl":{"start":{"line":51,"column":14},"end":{"line":51,"column":15}},"loc":{"start":{"line":51,"column":20},"end":{"line":53,"column":5}},"line":51},"6":{"name":"getDay","decl":{"start":{"line":55,"column":13},"end":{"line":55,"column":19}},"loc":{"start":{"line":55,"column":31},"end":{"line":73,"column":5}},"line":55},"7":{"name":"getDisplayWidth","decl":{"start":{"line":75,"column":13},"end":{"line":75,"column":28}},"loc":{"start":{"line":75,"column":38},"end":{"line":83,"column":5}},"line":75},"8":{"name":"handleCallback","decl":{"start":{"line":87,"column":13},"end":{"line":87,"column":27}},"loc":{"start":{"line":87,"column":60},"end":{"line":91,"column":5}},"line":87},"9":{"name":"(anonymous_9)","decl":{"start":{"line":103,"column":59},"end":{"line":103,"column":60}},"loc":{"start":{"line":103,"column":83},"end":{"line":109,"column":25}},"line":103},"10":{"name":"(anonymous_10)","decl":{"start":{"line":130,"column":55},"end":{"line":130,"column":56}},"loc":{"start":{"line":130,"column":79},"end":{"line":136,"column":21}},"line":130}},"branchMap":{"0":{"loc":{"start":{"line":40,"column":16},"end":{"line":42,"column":17}},"type":"if","locations":[{"start":{"line":40,"column":16},"end":{"line":42,"column":17}},{"start":{},"end":{}}],"line":40},"1":{"loc":{"start":{"line":56,"column":8},"end":{"line":72,"column":9}},"type":"switch","locations":[{"start":{"line":57,"column":12},"end":{"line":57,"column":35}},{"start":{"line":59,"column":12},"end":{"line":59,"column":35}},{"start":{"line":61,"column":12},"end":{"line":61,"column":36}},{"start":{"line":63,"column":12},"end":{"line":63,"column":38}},{"start":{"line":65,"column":12},"end":{"line":65,"column":37}},{"start":{"line":67,"column":12},"end":{"line":67,"column":35}},{"start":{"line":69,"column":12},"end":{"line":69,"column":37}},{"start":{"line":71,"column":12},"end":{"line":71,"column":37}}],"line":56},"2":{"loc":{"start":{"line":78,"column":8},"end":{"line":82,"column":9}},"type":"if","locations":[{"start":{"line":78,"column":8},"end":{"line":82,"column":9}},{"start":{"line":80,"column":15},"end":{"line":82,"column":9}}],"line":78},"3":{"loc":{"start":{"line":93,"column":4},"end":{"line":119,"column":5}},"type":"if","locations":[{"start":{"line":93,"column":4},"end":{"line":119,"column":5}},{"start":{},"end":{}}],"line":93},"4":{"loc":{"start":{"line":93,"column":8},"end":{"line":93,"column":59}},"type":"binary-expr","locations":[{"start":{"line":93,"column":8},"end":{"line":93,"column":18}},{"start":{"line":93,"column":22},"end":{"line":93,"column":36}},{"start":{"line":93,"column":40},"end":{"line":93,"column":59}}],"line":93},"5":{"loc":{"start":{"line":103,"column":25},"end":{"line":109,"column":26}},"type":"binary-expr","locations":[{"start":{"line":103,"column":25},"end":{"line":103,"column":45}},{"start":{"line":103,"column":49},"end":{"line":109,"column":26}}],"line":103},"6":{"loc":{"start":{"line":130,"column":21},"end":{"line":136,"column":22}},"type":"binary-expr","locations":[{"start":{"line":130,"column":21},"end":{"line":130,"column":41}},{"start":{"line":130,"column":45},"end":{"line":136,"column":22}}],"line":130}},"s":{"0":0,"1":0,"2":0,"3":0,"4":0,"5":0,"6":0,"7":0,"8":0,"9":0,"10":0,"11":0,"12":0,"13":0,"14":0,"15":0,"16":0,"17":0,"18":0,"19":0,"20":0,"21":0,"22":0,"23":0,"24":0,"25":0,"26":0,"27":0,"28":0,"29":0,"30":0,"31":0,"32":0,"33":0,"34":0},"f":{"0":0,"1":0,"2":0,"3":0,"4":0,"5":0,"6":0,"7":0,"8":0,"9":0,"10":0},"b":{"0":[0,0],"1":[0,0,0,0,0,0,0,0],"2":[0,0],"3":[0,0],"4":[0,0,0],"5":[0,0],"6":[0,0]}}
,"C:\\xampp\\htdocs\\2. Portfolio Pieces\\reactToDo\\client\\src\\pages\\toDo.tsx": {"path":"C:\\xampp\\htdocs\\2. Portfolio Pieces\\reactToDo\\client\\src\\pages\\toDo.tsx","statementMap":{"0":{"start":{"line":6,"column":20},"end":{"line":6,"column":51}},"1":{"start":{"line":8,"column":0},"end":{"line":16,"column":1}},"2":{"start":{"line":9,"column":17},"end":{"line":9,"column":40}},"3":{"start":{"line":11,"column":4},"end":{"line":13,"column":5}},"4":{"start":{"line":15,"column":4},"end":{"line":15,"column":54}}},"fnMap":{},"branchMap":{"0":{"loc":{"start":{"line":8,"column":0},"end":{"line":16,"column":1}},"type":"if","locations":[{"start":{"line":8,"column":0},"end":{"line":16,"column":1}},{"start":{"line":14,"column":7},"end":{"line":16,"column":1}}],"line":8}},"s":{"0":0,"1":0,"2":0,"3":0,"4":0},"f":{},"b":{"0":[0,0]}}
}
