TN:
SF:src\api\CreateToDoItem.tsx
FN:3,CreateToDoItem
FN:12,(anonymous_1)
FN:14,(anonymous_2)
FNF:3
FNH:0
FNDA:0,CreateToDoItem
FNDA:0,(anonymous_1)
FNDA:0,(anonymous_2)
DA:4,0
DA:13,0
DA:15,0
DA:18,0
LF:4
LH:0
BRF:0
BRH:0
end_of_record
TN:
SF:src\api\DeleteToDoItem.tsx
FN:3,DeleteToDoItem
FN:12,(anonymous_1)
FN:14,(anonymous_2)
FNF:3
FNH:0
FNDA:0,DeleteToDoItem
FNDA:0,(anonymous_1)
FNDA:0,(anonymous_2)
DA:4,0
DA:13,0
DA:15,0
DA:18,0
LF:4
LH:0
BRF:0
BRH:0
end_of_record
TN:
SF:src\api\GetToDoItems.tsx
FN:1,GetToDoItems
FN:2,(anonymous_1)
FN:7,(anonymous_2)
FNF:3
FNH:0
FNDA:0,GetToDoItems
FNDA:0,(anonymous_1)
FNDA:0,(anonymous_2)
DA:2,0
DA:3,0
DA:4,0
DA:5,0
DA:7,0
DA:8,0
DA:9,0
DA:11,0
DA:12,0
LF:9
LH:0
BRDA:8,0,0,0
BRDA:8,0,1,0
BRF:2
BRH:0
end_of_record
TN:
SF:src\api\IsItemComplete.tsx
FN:3,IsItemComplete
FN:13,(anonymous_1)
FN:15,(anonymous_2)
FNF:3
FNH:0
FNDA:0,IsItemComplete
FNDA:0,(anonymous_1)
FNDA:0,(anonymous_2)
DA:4,0
DA:14,0
DA:16,0
DA:20,0
LF:4
LH:0
BRF:0
BRH:0
end_of_record
TN:
SF:src\api\UpdateToDoItem.tsx
FN:3,UpdateToDoItem
FN:13,(anonymous_1)
FN:15,(anonymous_2)
FNF:3
FNH:0
FNDA:0,UpdateToDoItem
FNDA:0,(anonymous_1)
FNDA:0,(anonymous_2)
DA:4,0
DA:14,0
DA:16,0
DA:19,0
LF:4
LH:0
BRF:0
BRH:0
end_of_record
TN:
SF:src\components\NewToDoItem\NewToDoItem.tsx
FN:11,NewToDoItem
FN:16,addItem
FN:29,handleChange
FN:45,(anonymous_3)
FNF:4
FNH:2
FNDA:3,NewToDoItem
FNDA:0,addItem
FNDA:1,handleChange
FNDA:0,(anonymous_3)
DA:12,3
DA:13,3
DA:17,0
DA:19,0
DA:20,0
DA:22,0
DA:23,0
DA:24,0
DA:25,0
DA:30,1
DA:33,3
DA:45,0
LF:12
LH:4
BRDA:19,0,0,0
BRDA:19,0,1,0
BRDA:51,1,0,0
BRDA:51,1,1,3
BRF:4
BRH:1
end_of_record
TN:
SF:src\components\ToDoItem\ToDoItem.tsx
FN:22,ToDoItem
FN:30,lineThroughItem
FN:34,(anonymous_2)
FN:41,deleteToDo
FN:43,(anonymous_4)
FN:48,makeEditable
FN:52,updateToDo
FN:54,(anonymous_7)
FN:60,handleChange
FN:74,(anonymous_9)
FN:106,(anonymous_10)
FN:118,(anonymous_11)
FN:132,(anonymous_12)
FNF:13
FNH:0
FNDA:0,ToDoItem
FNDA:0,lineThroughItem
FNDA:0,(anonymous_2)
FNDA:0,deleteToDo
FNDA:0,(anonymous_4)
FNDA:0,makeEditable
FNDA:0,updateToDo
FNDA:0,(anonymous_7)
FNDA:0,handleChange
FNDA:0,(anonymous_9)
FNDA:0,(anonymous_10)
FNDA:0,(anonymous_11)
FNDA:0,(anonymous_12)
DA:23,0
DA:24,0
DA:25,0
DA:26,0
DA:31,0
DA:32,0
DA:34,0
DA:42,0
DA:44,0
DA:49,0
DA:53,0
DA:55,0
DA:56,0
DA:61,0
DA:65,0
DA:66,0
DA:67,0
DA:70,0
DA:71,0
DA:74,0
DA:106,0
DA:114,0
DA:115,0
DA:118,0
DA:132,0
DA:142,0
LF:26
LH:0
BRDA:70,0,0,0
BRDA:70,0,1,0
BRDA:70,1,0,0
BRDA:70,1,1,0
BRDA:73,2,0,0
BRDA:73,2,1,0
BRDA:114,3,0,0
BRDA:114,3,1,0
BRDA:114,4,0,0
BRDA:114,4,1,0
BRDA:117,5,0,0
BRDA:117,5,1,0
BRF:12
BRH:0
end_of_record
TN:
SF:src\components\ToDoItemMobile\ToDoItemMobile.tsx
FN:24,ToDoItemMobile
FN:33,lineThroughItem
FN:35,(anonymous_2)
FN:36,(anonymous_3)
FN:40,deleteToDo
FN:42,(anonymous_5)
FN:47,makeEditable
FN:51,updateToDo
FN:53,(anonymous_8)
FN:58,handleChange
FN:62,showEditables
FN:63,(anonymous_11)
FN:87,(anonymous_12)
FN:116,(anonymous_13)
FNF:14
FNH:0
FNDA:0,ToDoItemMobile
FNDA:0,lineThroughItem
FNDA:0,(anonymous_2)
FNDA:0,(anonymous_3)
FNDA:0,deleteToDo
FNDA:0,(anonymous_5)
FNDA:0,makeEditable
FNDA:0,updateToDo
FNDA:0,(anonymous_8)
FNDA:0,handleChange
FNDA:0,showEditables
FNDA:0,(anonymous_11)
FNDA:0,(anonymous_12)
FNDA:0,(anonymous_13)
DA:25,0
DA:26,0
DA:27,0
DA:28,0
DA:29,0
DA:34,0
DA:36,0
DA:41,0
DA:43,0
DA:48,0
DA:52,0
DA:54,0
DA:59,0
DA:63,0
DA:67,0
DA:68,0
DA:70,0
DA:72,0
DA:73,0
DA:87,0
DA:116,0
DA:127,0
DA:128,0
DA:144,0
LF:24
LH:0
BRDA:72,0,0,0
BRDA:72,0,1,0
BRDA:72,1,0,0
BRDA:72,1,1,0
BRDA:75,2,0,0
BRDA:75,2,1,0
BRDA:81,3,0,0
BRDA:81,3,1,0
BRDA:83,4,0,0
BRDA:83,4,1,0
BRDA:127,5,0,0
BRDA:127,5,1,0
BRDA:127,6,0,0
BRDA:127,6,1,0
BRDA:130,7,0,0
BRDA:130,7,1,0
BRF:16
BRH:0
end_of_record
TN:
SF:src\layout\ToDoLayout\ToDoLayout.tsx
FN:18,ToDoLayout
FN:23,(anonymous_1)
FN:24,(anonymous_2)
FN:39,(anonymous_3)
FN:44,(anonymous_4)
FN:51,(anonymous_5)
FN:55,getDay
FN:75,getDisplayWidth
FN:87,handleCallback
FN:103,(anonymous_9)
FN:130,(anonymous_10)
FNF:11
FNH:0
FNDA:0,ToDoLayout
FNDA:0,(anonymous_1)
FNDA:0,(anonymous_2)
FNDA:0,(anonymous_3)
FNDA:0,(anonymous_4)
FNDA:0,(anonymous_5)
FNDA:0,getDay
FNDA:0,getDisplayWidth
FNDA:0,handleCallback
FNDA:0,(anonymous_9)
FNDA:0,(anonymous_10)
DA:19,0
DA:20,0
DA:23,0
DA:24,0
DA:25,0
DA:27,0
DA:28,0
DA:30,0
DA:35,0
DA:38,0
DA:40,0
DA:41,0
DA:45,0
DA:51,0
DA:52,0
DA:56,0
DA:57,0
DA:59,0
DA:61,0
DA:63,0
DA:65,0
DA:67,0
DA:69,0
DA:71,0
DA:76,0
DA:78,0
DA:79,0
DA:81,0
DA:85,0
DA:88,0
DA:93,0
DA:94,0
DA:104,0
DA:121,0
DA:131,0
LF:35
LH:0
BRDA:40,0,0,0
BRDA:40,0,1,0
BRDA:56,1,0,0
BRDA:56,1,1,0
BRDA:56,1,2,0
BRDA:56,1,3,0
BRDA:56,1,4,0
BRDA:56,1,5,0
BRDA:56,1,6,0
BRDA:56,1,7,0
BRDA:78,2,0,0
BRDA:78,2,1,0
BRDA:93,3,0,0
BRDA:93,3,1,0
BRDA:93,4,0,0
BRDA:93,4,1,0
BRDA:93,4,2,0
BRDA:103,5,0,0
BRDA:103,5,1,0
BRDA:130,6,0,0
BRDA:130,6,1,0
BRF:21
BRH:0
end_of_record
TN:
SF:src\pages\toDo.tsx
FNF:0
FNH:0
DA:6,0
DA:8,0
DA:9,0
DA:11,0
DA:15,0
LF:5
LH:0
BRDA:8,0,0,0
BRDA:8,0,1,0
BRF:2
BRH:0
end_of_record
